<?xml version="1.0" encoding="UTF-8"?>
<!-- Generated by org.testng.reporters.JUnitXMLReporter -->
<testsuite hostname="LAPTOP-QNDHI2U3" ignored="3" tests="0" failures="0" timestamp="2023-07-04T14:38:07 IST" time="0.015" errors="0">
  <testcase name="testCase1" time="0.0" classname="testcasesForamazon.Test1">
    <ignored/>
  </testcase> <!-- testCase1 -->
  <testcase name="testCase3" time="0.0" classname="testcasesForamazon.Test3">
    <ignored/>
  </testcase> <!-- testCase3 -->
  <testcase name="testCase1" time="0.0" classname="testcasesForamazon.Test2">
    <ignored/>
  </testcase> <!-- testCase1 -->
</testsuite>
